<?xml version="1.0" encoding="UTF-8"?>
<!-- Generated by org.testng.reporters.JUnitReportReporter -->
<testsuite hostname="Admin" failures="0" tests="1" name="selnium.demo.TitleTest" time="10.085" errors="0" timestamp="2020-10-30T22:36:06 ICT" skipped="0">
  <testcase classname="selnium.demo.TitleTest" name="testTitle" time="10.085"/>
  <system-out/>
</testsuite> <!-- selnium.demo.TitleTest -->
