<?xml version="1.0" encoding="UTF-8"?>
<!-- Generated by org.testng.reporters.JUnitReportReporter -->
<testsuite hostname="Admin" failures="0" tests="1" name="selnium.demo.GoogleSearchTest" time="9.515" errors="0" timestamp="2020-10-30T22:21:22 ICT" skipped="0">
  <testcase classname="selnium.demo.GoogleSearchTest" name="testSearch" time="9.515"/>
  <system-out/>
</testsuite> <!-- selnium.demo.GoogleSearchTest -->
